{"/home/travis/build/npmtest/node-npmtest-react-engine/test.js":{"path":"/home/travis/build/npmtest/node-npmtest-react-engine/test.js","s":{"1":2,"2":2,"3":2,"4":2,"5":2,"6":2,"7":2,"8":1,"9":2,"10":2,"11":1,"12":1,"13":1,"14":1,"15":2,"16":2,"17":2,"18":2,"19":1,"20":1,"21":2,"22":2,"23":2,"24":1,"25":1,"26":1,"27":1,"28":1,"29":1,"30":1,"31":1,"32":1,"33":1,"34":1,"35":1,"36":1,"37":1,"38":1,"39":2,"40":2,"41":1,"42":2,"43":2,"44":1,"45":2,"46":2,"47":1,"48":2,"49":2,"50":1,"51":1,"52":1,"53":1,"54":1},"b":{"1":[2,1,1,1],"2":[1,1,1,1],"3":[1,1],"4":[1,1],"5":[1,1],"6":[1,1],"7":[1,1],"8":[1,1],"9":[1,1],"10":[1,1,1],"11":[1,1],"12":[1,1],"13":[1,1],"14":[1,1],"15":[1,1],"16":[1,1],"17":[1,1]},"f":{"1":2,"2":2,"3":2,"4":2,"5":2,"6":1,"7":1,"8":1,"9":2,"10":2,"11":2,"12":2,"13":1},"fnMap":{"1":{"name":"(anonymous_1)","line":12,"loc":{"start":{"line":12,"column":1},"end":{"line":12,"column":13}}},"2":{"name":"(anonymous_2)","line":19,"loc":{"start":{"line":19,"column":5},"end":{"line":19,"column":17}}},"3":{"name":"(anonymous_3)","line":23,"loc":{"start":{"line":23,"column":24},"end":{"line":23,"column":36}}},"4":{"name":"(anonymous_4)","line":61,"loc":{"start":{"line":61,"column":5},"end":{"line":61,"column":17}}},"5":{"name":"(anonymous_5)","line":82,"loc":{"start":{"line":82,"column":5},"end":{"line":82,"column":17}}},"6":{"name":"(anonymous_6)","line":91,"loc":{"start":{"line":91,"column":77},"end":{"line":94,"column":10}}},"7":{"name":"(anonymous_7)","line":112,"loc":{"start":{"line":112,"column":83},"end":{"line":115,"column":10}},"skip":true},"8":{"name":"(anonymous_8)","line":123,"loc":{"start":{"line":123,"column":77},"end":{"line":126,"column":10}},"skip":true},"9":{"name":"(anonymous_9)","line":139,"loc":{"start":{"line":139,"column":12},"end":{"line":139,"column":40}},"skip":true},"10":{"name":"(anonymous_10)","line":147,"loc":{"start":{"line":147,"column":77},"end":{"line":150,"column":10}},"skip":true},"11":{"name":"(anonymous_11)","line":158,"loc":{"start":{"line":158,"column":83},"end":{"line":161,"column":10}},"skip":true},"12":{"name":"(anonymous_12)","line":169,"loc":{"start":{"line":169,"column":79},"end":{"line":172,"column":10}},"skip":true},"13":{"name":"(anonymous_13)","line":180,"loc":{"start":{"line":180,"column":75},"end":{"line":183,"column":10}},"skip":true}},"statementMap":{"1":{"start":{"line":12,"column":0},"end":{"line":195,"column":5}},"2":{"start":{"line":14,"column":4},"end":{"line":14,"column":14}},"3":{"start":{"line":19,"column":4},"end":{"line":56,"column":9}},"4":{"start":{"line":21,"column":8},"end":{"line":21,"column":19}},"5":{"start":{"line":23,"column":8},"end":{"line":35,"column":13}},"6":{"start":{"line":24,"column":12},"end":{"line":34,"column":13}},"7":{"start":{"line":25,"column":16},"end":{"line":28,"column":30}},"8":{"start":{"line":30,"column":16},"end":{"line":33,"column":27}},"9":{"start":{"line":37,"column":8},"end":{"line":39,"column":21}},"10":{"start":{"line":40,"column":8},"end":{"line":53,"column":9}},"11":{"start":{"line":43,"column":12},"end":{"line":46,"column":14}},"12":{"start":{"line":47,"column":12},"end":{"line":47,"column":18}},"13":{"start":{"line":50,"column":12},"end":{"line":51,"column":33}},"14":{"start":{"line":52,"column":12},"end":{"line":52,"column":18}},"15":{"start":{"line":55,"column":8},"end":{"line":55,"column":35}},"16":{"start":{"line":61,"column":4},"end":{"line":63,"column":9}},"17":{"start":{"line":62,"column":8},"end":{"line":62,"column":15}},"18":{"start":{"line":64,"column":4},"end":{"line":77,"column":5}},"19":{"start":{"line":70,"column":8},"end":{"line":70,"column":14}},"20":{"start":{"line":76,"column":8},"end":{"line":76,"column":14}},"21":{"start":{"line":82,"column":4},"end":{"line":84,"column":9}},"22":{"start":{"line":83,"column":8},"end":{"line":83,"column":15}},"23":{"start":{"line":85,"column":4},"end":{"line":194,"column":5}},"24":{"start":{"line":91,"column":8},"end":{"line":99,"column":10}},"25":{"start":{"line":98,"column":12},"end":{"line":98,"column":35}},"26":{"start":{"line":102,"column":8},"end":{"line":104,"column":63}},"27":{"start":{"line":105,"column":8},"end":{"line":105,"column":14}},"28":{"start":{"line":112,"column":8},"end":{"line":121,"column":10},"skip":true},"29":{"start":{"line":119,"column":12},"end":{"line":119,"column":55},"skip":true},"30":{"start":{"line":120,"column":12},"end":{"line":120,"column":48},"skip":true},"31":{"start":{"line":123,"column":8},"end":{"line":136,"column":10},"skip":true},"32":{"start":{"line":130,"column":12},"end":{"line":130,"column":76},"skip":true},"33":{"start":{"line":131,"column":12},"end":{"line":131,"column":73},"skip":true},"34":{"start":{"line":132,"column":12},"end":{"line":132,"column":74},"skip":true},"35":{"start":{"line":133,"column":12},"end":{"line":133,"column":79},"skip":true},"36":{"start":{"line":134,"column":12},"end":{"line":134,"column":25},"skip":true},"37":{"start":{"line":135,"column":12},"end":{"line":135,"column":45},"skip":true},"38":{"start":{"line":138,"column":8},"end":{"line":145,"column":14},"skip":true},"39":{"start":{"line":143,"column":16},"end":{"line":143,"column":29},"skip":true},"40":{"start":{"line":144,"column":16},"end":{"line":144,"column":55},"skip":true},"41":{"start":{"line":147,"column":8},"end":{"line":156,"column":10},"skip":true},"42":{"start":{"line":154,"column":12},"end":{"line":154,"column":25},"skip":true},"43":{"start":{"line":155,"column":12},"end":{"line":155,"column":45},"skip":true},"44":{"start":{"line":158,"column":8},"end":{"line":167,"column":10},"skip":true},"45":{"start":{"line":165,"column":12},"end":{"line":165,"column":25},"skip":true},"46":{"start":{"line":166,"column":12},"end":{"line":166,"column":48},"skip":true},"47":{"start":{"line":169,"column":8},"end":{"line":178,"column":10},"skip":true},"48":{"start":{"line":176,"column":12},"end":{"line":176,"column":25},"skip":true},"49":{"start":{"line":177,"column":12},"end":{"line":177,"column":46},"skip":true},"50":{"start":{"line":180,"column":8},"end":{"line":189,"column":10},"skip":true},"51":{"start":{"line":187,"column":12},"end":{"line":187,"column":94},"skip":true},"52":{"start":{"line":188,"column":12},"end":{"line":188,"column":48},"skip":true},"53":{"start":{"line":192,"column":8},"end":{"line":192,"column":35},"skip":true},"54":{"start":{"line":193,"column":8},"end":{"line":193,"column":14},"skip":true}},"branchMap":{"1":{"line":25,"type":"binary-expr","locations":[{"start":{"line":25,"column":23},"end":{"line":25,"column":62}},{"start":{"line":26,"column":20},"end":{"line":26,"column":70}},{"start":{"line":27,"column":20},"end":{"line":27,"column":71}},{"start":{"line":28,"column":20},"end":{"line":28,"column":29}}]},"2":{"line":30,"type":"binary-expr","locations":[{"start":{"line":30,"column":23},"end":{"line":30,"column":37}},{"start":{"line":31,"column":20},"end":{"line":31,"column":61}},{"start":{"line":32,"column":20},"end":{"line":32,"column":70}},{"start":{"line":33,"column":20},"end":{"line":33,"column":26}}]},"3":{"line":37,"type":"cond-expr","locations":[{"start":{"line":38,"column":14},"end":{"line":38,"column":20}},{"start":{"line":39,"column":14},"end":{"line":39,"column":20}}]},"4":{"line":40,"type":"switch","locations":[{"start":{"line":42,"column":8},"end":{"line":47,"column":18}},{"start":{"line":49,"column":8},"end":{"line":52,"column":18}}]},"5":{"line":44,"type":"binary-expr","locations":[{"start":{"line":44,"column":16},"end":{"line":44,"column":44}},{"start":{"line":44,"column":48},"end":{"line":44,"column":66}}]},"6":{"line":50,"type":"binary-expr","locations":[{"start":{"line":50,"column":21},"end":{"line":50,"column":49}},{"start":{"line":50,"column":53},"end":{"line":50,"column":72}}]},"7":{"line":64,"type":"switch","locations":[{"start":{"line":69,"column":4},"end":{"line":70,"column":14}},{"start":{"line":75,"column":4},"end":{"line":76,"column":14}}]},"8":{"line":85,"type":"switch","locations":[{"start":{"line":90,"column":4},"end":{"line":105,"column":14}},{"start":{"line":111,"column":4},"end":{"line":193,"column":14},"skip":true}]},"9":{"line":91,"type":"binary-expr","locations":[{"start":{"line":91,"column":42},"end":{"line":91,"column":73}},{"start":{"line":91,"column":77},"end":{"line":99,"column":9}}]},"10":{"line":102,"type":"binary-expr","locations":[{"start":{"line":102,"column":18},"end":{"line":102,"column":32}},{"start":{"line":103,"column":12},"end":{"line":103,"column":53}},{"start":{"line":104,"column":12},"end":{"line":104,"column":61}}]},"11":{"line":112,"type":"binary-expr","locations":[{"start":{"line":112,"column":45},"end":{"line":112,"column":79},"skip":true},{"start":{"line":112,"column":83},"end":{"line":121,"column":9},"skip":true}]},"12":{"line":123,"type":"binary-expr","locations":[{"start":{"line":123,"column":42},"end":{"line":123,"column":73},"skip":true},{"start":{"line":123,"column":77},"end":{"line":136,"column":9},"skip":true}]},"13":{"line":138,"type":"binary-expr","locations":[{"start":{"line":138,"column":48},"end":{"line":138,"column":85},"skip":true},{"start":{"line":139,"column":12},"end":{"line":145,"column":13},"skip":true}]},"14":{"line":147,"type":"binary-expr","locations":[{"start":{"line":147,"column":42},"end":{"line":147,"column":73},"skip":true},{"start":{"line":147,"column":77},"end":{"line":156,"column":9},"skip":true}]},"15":{"line":158,"type":"binary-expr","locations":[{"start":{"line":158,"column":45},"end":{"line":158,"column":79},"skip":true},{"start":{"line":158,"column":83},"end":{"line":167,"column":9},"skip":true}]},"16":{"line":169,"type":"binary-expr","locations":[{"start":{"line":169,"column":43},"end":{"line":169,"column":75},"skip":true},{"start":{"line":169,"column":79},"end":{"line":178,"column":9},"skip":true}]},"17":{"line":180,"type":"binary-expr","locations":[{"start":{"line":180,"column":41},"end":{"line":180,"column":71},"skip":true},{"start":{"line":180,"column":75},"end":{"line":189,"column":9},"skip":true}]}},"code":["/* istanbul instrument in package npmtest_react_engine */","/*jslint","    bitwise: true,","    browser: true,","    maxerr: 8,","    maxlen: 96,","    node: true,","    nomen: true,","    regexp: true,","    stupid: true","*/","(function () {","    'use strict';","    var local;","","","","    // run shared js-env code - init-before","    (function () {","        // init local","        local = {};","        // init modeJs","        local.modeJs = (function () {","            try {","                return typeof navigator.userAgent === 'string' &&","                    typeof document.querySelector('body') === 'object' &&","                    typeof XMLHttpRequest.prototype.open === 'function' &&","                    'browser';","            } catch (errorCaughtBrowser) {","                return module.exports &&","                    typeof process.versions.node === 'string' &&","                    typeof require('http').createServer === 'function' &&","                    'node';","            }","        }());","        // init global","        local.global = local.modeJs === 'browser'","            ? window","            : global;","        switch (local.modeJs) {","        // re-init local from window.local","        case 'browser':","            local = local.global.utility2.objectSetDefault(","                local.global.utility2_rollup || local.global.local,","                local.global.utility2","            );","            break;","        // re-init local from example.js","        case 'node':","            local = (local.global.utility2_rollup || require('utility2'))","                .requireReadme();","            break;","        }","        // export local","        local.global.local = local;","    }());","","","","    // run shared js-env code - function","    (function () {","        return;","    }());","    switch (local.modeJs) {","","","","    // run browser js-env code - function","    case 'browser':","        break;","","","","    // run node js-env code - function","    case 'node':","        break;","    }","","","","    // run shared js-env code - init-after","    (function () {","        return;","    }());","    switch (local.modeJs) {","","","","    // run browser js-env code - init-after","    case 'browser':","        local.testCase_browser_nullCase = local.testCase_browser_nullCase || function (","            options,","            onError","        ) {","        /*","         * this function will test browsers's null-case handling-behavior-behavior","         */","            onError(null, options);","        };","","        // run tests","        local.nop(local.modeTest &&","            document.querySelector('#testRunButton1') &&","            document.querySelector('#testRunButton1').click());","        break;","","","","    // run node js-env code - init-after","    /* istanbul ignore next */","    case 'node':","        local.testCase_buildApidoc_default = local.testCase_buildApidoc_default || function (","            options,","            onError","        ) {","        /*","         * this function will test buildApidoc's default handling-behavior-behavior","         */","            options = { modulePathList: module.paths };","            local.buildApidoc(options, onError);","        };","","        local.testCase_buildApp_default = local.testCase_buildApp_default || function (","            options,","            onError","        ) {","        /*","         * this function will test buildApp's default handling-behavior-behavior","         */","            local.testCase_buildReadme_default(options, local.onErrorThrow);","            local.testCase_buildLib_default(options, local.onErrorThrow);","            local.testCase_buildTest_default(options, local.onErrorThrow);","            local.testCase_buildCustomOrg_default(options, local.onErrorThrow);","            options = [];","            local.buildApp(options, onError);","        };","","        local.testCase_buildCustomOrg_default = local.testCase_buildCustomOrg_default ||","            function (options, onError) {","            /*","             * this function will test buildCustomOrg's default handling-behavior","             */","                options = {};","                local.buildCustomOrg(options, onError);","            };","","        local.testCase_buildLib_default = local.testCase_buildLib_default || function (","            options,","            onError","        ) {","        /*","         * this function will test buildLib's default handling-behavior","         */","            options = {};","            local.buildLib(options, onError);","        };","","        local.testCase_buildReadme_default = local.testCase_buildReadme_default || function (","            options,","            onError","        ) {","        /*","         * this function will test buildReadme's default handling-behavior-behavior","         */","            options = {};","            local.buildReadme(options, onError);","        };","","        local.testCase_buildTest_default = local.testCase_buildTest_default || function (","            options,","            onError","        ) {","        /*","         * this function will test buildTest's default handling-behavior","         */","            options = {};","            local.buildTest(options, onError);","        };","","        local.testCase_webpage_default = local.testCase_webpage_default || function (","            options,","            onError","        ) {","        /*","         * this function will test webpage's default handling-behavior","         */","            options = { modeCoverageMerge: true, url: local.serverLocalHost + '?modeTest=1' };","            local.browserTest(options, onError);","        };","","        // run test-server","        local.testRunServer(local);","        break;","    }","}());",""],"l":{"12":2,"14":2,"19":2,"21":2,"23":2,"24":2,"25":2,"30":1,"37":2,"40":2,"43":1,"47":1,"50":1,"52":1,"55":2,"61":2,"62":2,"64":2,"70":1,"76":1,"82":2,"83":2,"85":2,"91":1,"98":1,"102":1,"105":1,"112":1,"119":1,"120":1,"123":1,"130":1,"131":1,"132":1,"133":1,"134":1,"135":1,"138":1,"143":2,"144":2,"147":1,"154":2,"155":2,"158":1,"165":2,"166":2,"169":1,"176":2,"177":2,"180":1,"187":1,"188":1,"192":1,"193":1}},"/home/travis/build/npmtest/node-npmtest-react-engine/lib.npmtest_react_engine.js":{"path":"/home/travis/build/npmtest/node-npmtest-react-engine/lib.npmtest_react_engine.js","s":{"1":2,"2":2,"3":2,"4":2,"5":2,"6":2,"7":2,"8":1,"9":2,"10":2,"11":2,"12":2,"13":1,"14":1,"15":1,"16":1},"b":{"1":[2,1,1,1],"2":[1,1,1,1],"3":[1,1],"4":[2,2],"5":[1,1]},"f":{"1":2,"2":2,"3":2},"fnMap":{"1":{"name":"(anonymous_1)","line":12,"loc":{"start":{"line":12,"column":1},"end":{"line":12,"column":13}}},"2":{"name":"(anonymous_2)","line":19,"loc":{"start":{"line":19,"column":5},"end":{"line":19,"column":17}}},"3":{"name":"(anonymous_3)","line":23,"loc":{"start":{"line":23,"column":24},"end":{"line":23,"column":36}}}},"statementMap":{"1":{"start":{"line":12,"column":0},"end":{"line":53,"column":5}},"2":{"start":{"line":14,"column":4},"end":{"line":14,"column":14}},"3":{"start":{"line":19,"column":4},"end":{"line":52,"column":9}},"4":{"start":{"line":21,"column":8},"end":{"line":21,"column":19}},"5":{"start":{"line":23,"column":8},"end":{"line":35,"column":13}},"6":{"start":{"line":24,"column":12},"end":{"line":34,"column":13}},"7":{"start":{"line":25,"column":16},"end":{"line":28,"column":30}},"8":{"start":{"line":30,"column":16},"end":{"line":33,"column":27}},"9":{"start":{"line":37,"column":8},"end":{"line":39,"column":21}},"10":{"start":{"line":41,"column":8},"end":{"line":41,"column":54}},"11":{"start":{"line":43,"column":8},"end":{"line":43,"column":57}},"12":{"start":{"line":45,"column":8},"end":{"line":51,"column":9}},"13":{"start":{"line":46,"column":12},"end":{"line":46,"column":63}},"14":{"start":{"line":48,"column":12},"end":{"line":48,"column":35}},"15":{"start":{"line":49,"column":12},"end":{"line":49,"column":49}},"16":{"start":{"line":50,"column":12},"end":{"line":50,"column":43}}},"branchMap":{"1":{"line":25,"type":"binary-expr","locations":[{"start":{"line":25,"column":23},"end":{"line":25,"column":62}},{"start":{"line":26,"column":20},"end":{"line":26,"column":70}},{"start":{"line":27,"column":20},"end":{"line":27,"column":71}},{"start":{"line":28,"column":20},"end":{"line":28,"column":29}}]},"2":{"line":30,"type":"binary-expr","locations":[{"start":{"line":30,"column":23},"end":{"line":30,"column":37}},{"start":{"line":31,"column":20},"end":{"line":31,"column":61}},{"start":{"line":32,"column":20},"end":{"line":32,"column":70}},{"start":{"line":33,"column":20},"end":{"line":33,"column":26}}]},"3":{"line":37,"type":"cond-expr","locations":[{"start":{"line":38,"column":14},"end":{"line":38,"column":20}},{"start":{"line":39,"column":14},"end":{"line":39,"column":20}}]},"4":{"line":41,"type":"binary-expr","locations":[{"start":{"line":41,"column":16},"end":{"line":41,"column":44}},{"start":{"line":41,"column":48},"end":{"line":41,"column":53}}]},"5":{"line":45,"type":"if","locations":[{"start":{"line":45,"column":8},"end":{"line":45,"column":8}},{"start":{"line":45,"column":8},"end":{"line":45,"column":8}}]}},"code":["/* istanbul instrument in package npmtest_react_engine */","/*jslint","    bitwise: true,","    browser: true,","    maxerr: 8,","    maxlen: 96,","    node: true,","    nomen: true,","    regexp: true,","    stupid: true","*/","(function () {","    'use strict';","    var local;","","","","    // run shared js-env code - init-before","    (function () {","        // init local","        local = {};","        // init modeJs","        local.modeJs = (function () {","            try {","                return typeof navigator.userAgent === 'string' &&","                    typeof document.querySelector('body') === 'object' &&","                    typeof XMLHttpRequest.prototype.open === 'function' &&","                    'browser';","            } catch (errorCaughtBrowser) {","                return module.exports &&","                    typeof process.versions.node === 'string' &&","                    typeof require('http').createServer === 'function' &&","                    'node';","            }","        }());","        // init global","        local.global = local.modeJs === 'browser'","            ? window","            : global;","        // init utility2_rollup","        local = local.global.utility2_rollup || local;","        // init lib","        local.local = local.npmtest_react_engine = local;","        // init exports","        if (local.modeJs === 'browser') {","            local.global.utility2_npmtest_react_engine = local;","        } else {","            module.exports = local;","            module.exports.__dirname = __dirname;","            module.exports.module = module;","        }","    }());","}());",""],"l":{"12":2,"14":2,"19":2,"21":2,"23":2,"24":2,"25":2,"30":1,"37":2,"41":2,"43":2,"45":2,"46":1,"48":1,"49":1,"50":1}},"/home/travis/build/npmtest/node-npmtest-react-engine/example.js":{"path":"/home/travis/build/npmtest/node-npmtest-react-engine/example.js","s":{"1":2,"2":2,"3":2,"4":2,"5":2,"6":2,"7":2,"8":1,"9":2,"10":2,"11":2,"12":2,"13":1,"14":2,"15":2,"16":2,"17":2,"18":2,"19":0,"20":2,"21":1,"22":1,"23":1,"24":1,"25":1,"26":0,"27":0,"28":1,"29":1,"30":2,"31":0,"32":0,"33":0,"34":1,"35":2,"36":2,"37":3,"38":3,"39":3,"40":3,"41":0,"42":3,"43":3,"44":3,"45":1,"46":3,"47":1,"48":1,"49":1,"50":1,"51":1,"52":1,"53":1,"54":1,"55":1,"56":1,"57":0,"58":1,"59":6,"60":6,"61":1,"62":2,"63":0,"64":2,"65":1,"66":1,"67":0,"68":0,"69":0,"70":0,"71":0,"72":0,"73":0,"74":0,"75":0,"76":0,"77":0,"78":0,"79":0,"80":0,"81":0,"82":0,"83":0},"b":{"1":[2,1,1,1],"2":[1,1,1,1],"3":[1,1],"4":[2,2],"5":[1,1],"6":[1,1],"7":[2,0],"8":[2,1,1,1,1,1],"9":[0,2,0],"10":[1,1],"11":[2,1,1],"12":[1,0],"13":[0,2],"14":[2,0,0,0,0,0,0],"15":[0,3],"16":[3,0],"17":[1,1],"18":[0,1],"19":[1,2,0,2],"20":[1,0],"21":[1,1],"22":[0,0],"23":[0,0],"24":[0,0],"25":[0,0],"26":[0,0],"27":[0,0],"28":[0,0]},"f":{"1":2,"2":2,"3":2,"4":2,"5":2,"6":2,"7":3,"8":3,"9":3,"10":1,"11":6,"12":0},"fnMap":{"1":{"name":"(anonymous_1)","line":26,"loc":{"start":{"line":26,"column":1},"end":{"line":26,"column":13}}},"2":{"name":"(anonymous_2)","line":33,"loc":{"start":{"line":33,"column":5},"end":{"line":33,"column":17}}},"3":{"name":"(anonymous_3)","line":37,"loc":{"start":{"line":37,"column":24},"end":{"line":37,"column":36}}},"4":{"name":"(anonymous_4)","line":69,"loc":{"start":{"line":69,"column":31},"end":{"line":69,"column":48}},"skip":true},"5":{"name":"(anonymous_5)","line":78,"loc":{"start":{"line":78,"column":26},"end":{"line":78,"column":45}},"skip":true},"6":{"name":"(anonymous_6)","line":123,"loc":{"start":{"line":123,"column":33},"end":{"line":123,"column":48}},"skip":true},"7":{"name":"(anonymous_7)","line":125,"loc":{"start":{"line":125,"column":27},"end":{"line":125,"column":39}},"skip":true},"8":{"name":"(anonymous_8)","line":133,"loc":{"start":{"line":133,"column":59},"end":{"line":133,"column":74}},"skip":true},"9":{"name":"(anonymous_9)","line":143,"loc":{"start":{"line":143,"column":45},"end":{"line":143,"column":62}},"skip":true},"10":{"name":"(anonymous_10)","line":144,"loc":{"start":{"line":144,"column":73},"end":{"line":144,"column":92}},"skip":true},"11":{"name":"(anonymous_11)","line":272,"loc":{"start":{"line":272,"column":51},"end":{"line":272,"column":77}},"skip":true},"12":{"name":"(anonymous_12)","line":315,"loc":{"start":{"line":315,"column":32},"end":{"line":315,"column":61}},"skip":true}},"statementMap":{"1":{"start":{"line":26,"column":0},"end":{"line":326,"column":5}},"2":{"start":{"line":28,"column":4},"end":{"line":28,"column":14}},"3":{"start":{"line":33,"column":4},"end":{"line":60,"column":9}},"4":{"start":{"line":35,"column":8},"end":{"line":35,"column":19}},"5":{"start":{"line":37,"column":8},"end":{"line":49,"column":13}},"6":{"start":{"line":38,"column":12},"end":{"line":48,"column":13}},"7":{"start":{"line":39,"column":16},"end":{"line":42,"column":30}},"8":{"start":{"line":44,"column":16},"end":{"line":47,"column":27}},"9":{"start":{"line":51,"column":8},"end":{"line":53,"column":21}},"10":{"start":{"line":55,"column":8},"end":{"line":57,"column":45}},"11":{"start":{"line":59,"column":8},"end":{"line":59,"column":35}},"12":{"start":{"line":61,"column":4},"end":{"line":325,"column":5}},"13":{"start":{"line":69,"column":8},"end":{"line":121,"column":10},"skip":true},"14":{"start":{"line":70,"column":12},"end":{"line":88,"column":13},"skip":true},"15":{"start":{"line":76,"column":16},"end":{"line":87,"column":19},"skip":true},"16":{"start":{"line":79,"column":20},"end":{"line":86,"column":21},"skip":true},"17":{"start":{"line":82,"column":24},"end":{"line":82,"column":43},"skip":true},"18":{"start":{"line":83,"column":24},"end":{"line":83,"column":30},"skip":true},"19":{"start":{"line":85,"column":24},"end":{"line":85,"column":49},"skip":true},"20":{"start":{"line":89,"column":12},"end":{"line":107,"column":13},"skip":true},"21":{"start":{"line":92,"column":16},"end":{"line":102,"column":17},"skip":true},"22":{"start":{"line":93,"column":20},"end":{"line":93,"column":86},"skip":true},"23":{"start":{"line":94,"column":20},"end":{"line":95,"column":45},"skip":true},"24":{"start":{"line":96,"column":20},"end":{"line":96,"column":42},"skip":true},"25":{"start":{"line":97,"column":20},"end":{"line":97,"column":48},"skip":true},"26":{"start":{"line":100,"column":20},"end":{"line":100,"column":85},"skip":true},"27":{"start":{"line":101,"column":20},"end":{"line":101,"column":96},"skip":true},"28":{"start":{"line":103,"column":16},"end":{"line":103,"column":22},"skip":true},"29":{"start":{"line":106,"column":16},"end":{"line":106,"column":22},"skip":true},"30":{"start":{"line":108,"column":12},"end":{"line":120,"column":13},"skip":true},"31":{"start":{"line":114,"column":16},"end":{"line":119,"column":17},"skip":true},"32":{"start":{"line":116,"column":20},"end":{"line":116,"column":78},"skip":true},"33":{"start":{"line":118,"column":20},"end":{"line":118,"column":47},"skip":true},"34":{"start":{"line":123,"column":8},"end":{"line":141,"column":11},"skip":true},"35":{"start":{"line":124,"column":12},"end":{"line":124,"column":54},"skip":true},"36":{"start":{"line":125,"column":12},"end":{"line":140,"column":14},"skip":true},"37":{"start":{"line":126,"column":16},"end":{"line":126,"column":28},"skip":true},"38":{"start":{"line":127,"column":16},"end":{"line":127,"column":69},"skip":true},"39":{"start":{"line":128,"column":16},"end":{"line":128,"column":75},"skip":true},"40":{"start":{"line":129,"column":16},"end":{"line":131,"column":17},"skip":true},"41":{"start":{"line":130,"column":20},"end":{"line":130,"column":27},"skip":true},"42":{"start":{"line":133,"column":16},"end":{"line":137,"column":36},"skip":true},"43":{"start":{"line":134,"column":20},"end":{"line":136,"column":55},"skip":true},"44":{"start":{"line":139,"column":16},"end":{"line":139,"column":57},"skip":true},"45":{"start":{"line":143,"column":8},"end":{"line":147,"column":11},"skip":true},"46":{"start":{"line":144,"column":12},"end":{"line":146,"column":15},"skip":true},"47":{"start":{"line":145,"column":16},"end":{"line":145,"column":70},"skip":true},"48":{"start":{"line":149,"column":8},"end":{"line":149,"column":31},"skip":true},"49":{"start":{"line":150,"column":8},"end":{"line":150,"column":14},"skip":true},"50":{"start":{"line":158,"column":8},"end":{"line":158,"column":31},"skip":true},"51":{"start":{"line":160,"column":8},"end":{"line":160,"column":33},"skip":true},"52":{"start":{"line":161,"column":8},"end":{"line":161,"column":37},"skip":true},"53":{"start":{"line":162,"column":8},"end":{"line":162,"column":35},"skip":true},"54":{"start":{"line":164,"column":8},"end":{"line":164,"column":50},"skip":true},"55":{"start":{"line":166,"column":8},"end":{"line":256,"column":2},"skip":true},"56":{"start":{"line":258,"column":8},"end":{"line":286,"column":9},"skip":true},"57":{"start":{"line":259,"column":12},"end":{"line":269,"column":14},"skip":true},"58":{"start":{"line":271,"column":12},"end":{"line":285,"column":19},"skip":true},"59":{"start":{"line":274,"column":20},"end":{"line":274,"column":35},"skip":true},"60":{"start":{"line":275,"column":20},"end":{"line":284,"column":21},"skip":true},"61":{"start":{"line":277,"column":24},"end":{"line":277,"column":64},"skip":true},"62":{"start":{"line":279,"column":24},"end":{"line":279,"column":40},"skip":true},"63":{"start":{"line":281,"column":24},"end":{"line":281,"column":40},"skip":true},"64":{"start":{"line":283,"column":24},"end":{"line":283,"column":39},"skip":true},"65":{"start":{"line":288,"column":8},"end":{"line":290,"column":9},"skip":true},"66":{"start":{"line":289,"column":12},"end":{"line":289,"column":18},"skip":true},"67":{"start":{"line":291,"column":8},"end":{"line":293,"column":54},"skip":true},"68":{"start":{"line":296,"column":8},"end":{"line":301,"column":37},"skip":true},"69":{"start":{"line":303,"column":8},"end":{"line":303,"column":82},"skip":true},"70":{"start":{"line":306,"column":8},"end":{"line":308,"column":9},"skip":true},"71":{"start":{"line":307,"column":12},"end":{"line":307,"column":82},"skip":true},"72":{"start":{"line":310,"column":8},"end":{"line":312,"column":9},"skip":true},"73":{"start":{"line":311,"column":12},"end":{"line":311,"column":18},"skip":true},"74":{"start":{"line":313,"column":8},"end":{"line":313,"column":54},"skip":true},"75":{"start":{"line":314,"column":8},"end":{"line":314,"column":69},"skip":true},"76":{"start":{"line":315,"column":8},"end":{"line":323,"column":36},"skip":true},"77":{"start":{"line":316,"column":12},"end":{"line":316,"column":61},"skip":true},"78":{"start":{"line":317,"column":12},"end":{"line":320,"column":13},"skip":true},"79":{"start":{"line":318,"column":16},"end":{"line":318,"column":75},"skip":true},"80":{"start":{"line":319,"column":16},"end":{"line":319,"column":23},"skip":true},"81":{"start":{"line":321,"column":12},"end":{"line":321,"column":38},"skip":true},"82":{"start":{"line":322,"column":12},"end":{"line":322,"column":27},"skip":true},"83":{"start":{"line":324,"column":8},"end":{"line":324,"column":14},"skip":true}},"branchMap":{"1":{"line":39,"type":"binary-expr","locations":[{"start":{"line":39,"column":23},"end":{"line":39,"column":62}},{"start":{"line":40,"column":20},"end":{"line":40,"column":70}},{"start":{"line":41,"column":20},"end":{"line":41,"column":71}},{"start":{"line":42,"column":20},"end":{"line":42,"column":29}}]},"2":{"line":44,"type":"binary-expr","locations":[{"start":{"line":44,"column":23},"end":{"line":44,"column":37}},{"start":{"line":45,"column":20},"end":{"line":45,"column":61}},{"start":{"line":46,"column":20},"end":{"line":46,"column":70}},{"start":{"line":47,"column":20},"end":{"line":47,"column":26}}]},"3":{"line":51,"type":"cond-expr","locations":[{"start":{"line":52,"column":14},"end":{"line":52,"column":20}},{"start":{"line":53,"column":14},"end":{"line":53,"column":20}}]},"4":{"line":55,"type":"binary-expr","locations":[{"start":{"line":55,"column":16},"end":{"line":55,"column":44}},{"start":{"line":55,"column":49},"end":{"line":57,"column":43}}]},"5":{"line":55,"type":"cond-expr","locations":[{"start":{"line":56,"column":14},"end":{"line":56,"column":56}},{"start":{"line":57,"column":14},"end":{"line":57,"column":43}}]},"6":{"line":61,"type":"switch","locations":[{"start":{"line":68,"column":4},"end":{"line":150,"column":14},"skip":true},{"start":{"line":156,"column":4},"end":{"line":324,"column":14},"skip":true}]},"7":{"line":70,"type":"if","locations":[{"start":{"line":70,"column":12},"end":{"line":70,"column":12},"skip":true},{"start":{"line":70,"column":12},"end":{"line":70,"column":12},"skip":true}]},"8":{"line":70,"type":"binary-expr","locations":[{"start":{"line":70,"column":16},"end":{"line":70,"column":22},"skip":true},{"start":{"line":70,"column":27},"end":{"line":70,"column":32},"skip":true},{"start":{"line":71,"column":20},"end":{"line":71,"column":39},"skip":true},{"start":{"line":72,"column":20},"end":{"line":72,"column":49},"skip":true},{"start":{"line":73,"column":20},"end":{"line":73,"column":58},"skip":true},{"start":{"line":74,"column":20},"end":{"line":74,"column":69},"skip":true}]},"9":{"line":79,"type":"switch","locations":[{"start":{"line":80,"column":20},"end":{"line":80,"column":33},"skip":true},{"start":{"line":81,"column":20},"end":{"line":83,"column":30},"skip":true},{"start":{"line":84,"column":20},"end":{"line":85,"column":49},"skip":true}]},"10":{"line":89,"type":"switch","locations":[{"start":{"line":90,"column":12},"end":{"line":103,"column":22},"skip":true},{"start":{"line":105,"column":12},"end":{"line":106,"column":22},"skip":true}]},"11":{"line":89,"type":"binary-expr","locations":[{"start":{"line":89,"column":20},"end":{"line":89,"column":25},"skip":true},{"start":{"line":89,"column":29},"end":{"line":89,"column":48},"skip":true},{"start":{"line":89,"column":52},"end":{"line":89,"column":74},"skip":true}]},"12":{"line":92,"type":"if","locations":[{"start":{"line":92,"column":16},"end":{"line":92,"column":16},"skip":true},{"start":{"line":92,"column":16},"end":{"line":92,"column":16},"skip":true}]},"13":{"line":108,"type":"if","locations":[{"start":{"line":108,"column":12},"end":{"line":108,"column":12},"skip":true},{"start":{"line":108,"column":12},"end":{"line":108,"column":12},"skip":true}]},"14":{"line":108,"type":"binary-expr","locations":[{"start":{"line":108,"column":16},"end":{"line":108,"column":61},"skip":true},{"start":{"line":108,"column":66},"end":{"line":108,"column":72},"skip":true},{"start":{"line":108,"column":77},"end":{"line":108,"column":82},"skip":true},{"start":{"line":109,"column":20},"end":{"line":109,"column":39},"skip":true},{"start":{"line":110,"column":20},"end":{"line":110,"column":49},"skip":true},{"start":{"line":111,"column":20},"end":{"line":111,"column":58},"skip":true},{"start":{"line":112,"column":20},"end":{"line":112,"column":68},"skip":true}]},"15":{"line":129,"type":"if","locations":[{"start":{"line":129,"column":16},"end":{"line":129,"column":16},"skip":true},{"start":{"line":129,"column":16},"end":{"line":129,"column":16},"skip":true}]},"16":{"line":134,"type":"cond-expr","locations":[{"start":{"line":135,"column":26},"end":{"line":135,"column":29},"skip":true},{"start":{"line":136,"column":26},"end":{"line":136,"column":54},"skip":true}]},"17":{"line":164,"type":"binary-expr","locations":[{"start":{"line":164,"column":27},"end":{"line":164,"column":43},"skip":true},{"start":{"line":164,"column":47},"end":{"line":164,"column":49},"skip":true}]},"18":{"line":258,"type":"if","locations":[{"start":{"line":258,"column":8},"end":{"line":258,"column":8},"skip":true},{"start":{"line":258,"column":8},"end":{"line":258,"column":8},"skip":true}]},"19":{"line":275,"type":"switch","locations":[{"start":{"line":276,"column":20},"end":{"line":277,"column":64},"skip":true},{"start":{"line":278,"column":20},"end":{"line":279,"column":40},"skip":true},{"start":{"line":280,"column":20},"end":{"line":281,"column":40},"skip":true},{"start":{"line":282,"column":20},"end":{"line":283,"column":39},"skip":true}]},"20":{"line":288,"type":"if","locations":[{"start":{"line":288,"column":8},"end":{"line":288,"column":8},"skip":true},{"start":{"line":288,"column":8},"end":{"line":288,"column":8},"skip":true}]},"21":{"line":288,"type":"binary-expr","locations":[{"start":{"line":288,"column":12},"end":{"line":288,"column":40},"skip":true},{"start":{"line":288,"column":44},"end":{"line":288,"column":67},"skip":true}]},"22":{"line":292,"type":"binary-expr","locations":[{"start":{"line":292,"column":12},"end":{"line":292,"column":50},"skip":true},{"start":{"line":293,"column":12},"end":{"line":293,"column":53},"skip":true}]},"23":{"line":297,"type":"binary-expr","locations":[{"start":{"line":297,"column":12},"end":{"line":297,"column":70},"skip":true},{"start":{"line":298,"column":12},"end":{"line":301,"column":36},"skip":true}]},"24":{"line":303,"type":"binary-expr","locations":[{"start":{"line":303,"column":43},"end":{"line":303,"column":75},"skip":true},{"start":{"line":303,"column":79},"end":{"line":303,"column":81},"skip":true}]},"25":{"line":306,"type":"if","locations":[{"start":{"line":306,"column":8},"end":{"line":306,"column":8},"skip":true},{"start":{"line":306,"column":8},"end":{"line":306,"column":8},"skip":true}]},"26":{"line":310,"type":"if","locations":[{"start":{"line":310,"column":8},"end":{"line":310,"column":8},"skip":true},{"start":{"line":310,"column":8},"end":{"line":310,"column":8},"skip":true}]},"27":{"line":313,"type":"binary-expr","locations":[{"start":{"line":313,"column":27},"end":{"line":313,"column":43},"skip":true},{"start":{"line":313,"column":47},"end":{"line":313,"column":53},"skip":true}]},"28":{"line":317,"type":"if","locations":[{"start":{"line":317,"column":12},"end":{"line":317,"column":12},"skip":true},{"start":{"line":317,"column":12},"end":{"line":317,"column":12},"skip":true}]}},"code":["/*","example.js","","quickstart example","","instruction","    1. save this script as example.js","    2. run the shell command:","        $ npm install npmtest-react-engine && PORT=8081 node example.js","    3. play with the browser-demo on http://127.0.0.1:8081","*/","","","","/* istanbul instrument in package npmtest_react_engine */","/*jslint","    bitwise: true,","    browser: true,","    maxerr: 8,","    maxlen: 96,","    node: true,","    nomen: true,","    regexp: true,","    stupid: true","*/","(function () {","    'use strict';","    var local;","","","","    // run shared js-env code - init-before","    (function () {","        // init local","        local = {};","        // init modeJs","        local.modeJs = (function () {","            try {","                return typeof navigator.userAgent === 'string' &&","                    typeof document.querySelector('body') === 'object' &&","                    typeof XMLHttpRequest.prototype.open === 'function' &&","                    'browser';","            } catch (errorCaughtBrowser) {","                return module.exports &&","                    typeof process.versions.node === 'string' &&","                    typeof require('http').createServer === 'function' &&","                    'node';","            }","        }());","        // init global","        local.global = local.modeJs === 'browser'","            ? window","            : global;","        // init utility2_rollup","        local = local.global.utility2_rollup || (local.modeJs === 'browser'","            ? local.global.utility2_npmtest_react_engine","            : global.utility2_moduleExports);","        // export local","        local.global.local = local;","    }());","    switch (local.modeJs) {","","","","    // init-after","    // run browser js-env code - init-after","    /* istanbul ignore next */","    case 'browser':","        local.testRunBrowser = function (event) {","            if (!event || (event &&","                    event.currentTarget &&","                    event.currentTarget.className &&","                    event.currentTarget.className.includes &&","                    event.currentTarget.className.includes('onreset'))) {","                // reset output","                Array.from(","                    document.querySelectorAll('body > .resettable')","                ).forEach(function (element) {","                    switch (element.tagName) {","                    case 'INPUT':","                    case 'TEXTAREA':","                        element.value = '';","                        break;","                    default:","                        element.textContent = '';","                    }","                });","            }","            switch (event && event.currentTarget && event.currentTarget.id) {","            case 'testRunButton1':","                // show tests","                if (document.querySelector('#testReportDiv1').style.display === 'none') {","                    document.querySelector('#testReportDiv1').style.display = 'block';","                    document.querySelector('#testRunButton1').textContent =","                        'hide internal test';","                    local.modeTest = true;","                    local.testRunDefault(local);","                // hide tests","                } else {","                    document.querySelector('#testReportDiv1').style.display = 'none';","                    document.querySelector('#testRunButton1').textContent = 'run internal test';","                }","                break;","            // custom-case","            default:","                break;","            }","            if (document.querySelector('#inputTextareaEval1') && (!event || (event &&","                    event.currentTarget &&","                    event.currentTarget.className &&","                    event.currentTarget.className.includes &&","                    event.currentTarget.className.includes('oneval')))) {","                // try to eval input-code","                try {","                    /*jslint evil: true*/","                    eval(document.querySelector('#inputTextareaEval1').value);","                } catch (errorCaught) {","                    console.error(errorCaught);","                }","            }","        };","        // log stderr and stdout to #outputTextareaStdout1","        ['error', 'log'].forEach(function (key) {","            console[key + '_original'] = console[key];","            console[key] = function () {","                var element;","                console[key + '_original'].apply(console, arguments);","                element = document.querySelector('#outputTextareaStdout1');","                if (!element) {","                    return;","                }","                // append text to #outputTextareaStdout1","                element.value += Array.from(arguments).map(function (arg) {","                    return typeof arg === 'string'","                        ? arg","                        : JSON.stringify(arg, null, 4);","                }).join(' ') + '\\n';","                // scroll textarea to bottom","                element.scrollTop = element.scrollHeight;","            };","        });","        // init event-handling","        ['change', 'click', 'keyup'].forEach(function (event) {","            Array.from(document.querySelectorAll('.on' + event)).forEach(function (element) {","                element.addEventListener(event, local.testRunBrowser);","            });","        });","        // run tests","        local.testRunBrowser();","        break;","","","","    // run node js-env code - init-after","    /* istanbul ignore next */","    case 'node':","        // export local","        module.exports = local;","        // require modules","        local.fs = require('fs');","        local.http = require('http');","        local.url = require('url');","        // init assets","        local.assetsDict = local.assetsDict || {};","        /* jslint-ignore-begin */","        local.assetsDict['/assets.index.template.html'] = '\\","<!doctype html>\\n\\","<html lang=\"en\">\\n\\","<head>\\n\\","<meta charset=\"UTF-8\">\\n\\","<meta name=\"viewport\" content=\"width=device-width, initial-scale=1\">\\n\\","<title>{{env.npm_package_name}} (v{{env.npm_package_version}})</title>\\n\\","<style>\\n\\","/*csslint\\n\\","    box-sizing: false,\\n\\","    universal-selector: false\\n\\","*/\\n\\","* {\\n\\","    box-sizing: border-box;\\n\\","}\\n\\","body {\\n\\","    background: #dde;\\n\\","    font-family: Arial, Helvetica, sans-serif;\\n\\","    margin: 2rem;\\n\\","}\\n\\","body > * {\\n\\","    margin-bottom: 1rem;\\n\\","}\\n\\",".utility2FooterDiv {\\n\\","    margin-top: 20px;\\n\\","    text-align: center;\\n\\","}\\n\\","</style>\\n\\","<style>\\n\\","/*csslint\\n\\","*/\\n\\","textarea {\\n\\","    font-family: monospace;\\n\\","    height: 10rem;\\n\\","    width: 100%;\\n\\","}\\n\\","textarea[readonly] {\\n\\","    background: #ddd;\\n\\","}\\n\\","</style>\\n\\","</head>\\n\\","<body>\\n\\","<!-- utility2-comment\\n\\","<div id=\"ajaxProgressDiv1\" style=\"background: #d00; height: 2px; left: 0; margin: 0; padding: 0; position: fixed; top: 0; transition: background 0.5s, width 1.5s; width: 25%;\"></div>\\n\\","utility2-comment -->\\n\\","<h1>\\n\\","<!-- utility2-comment\\n\\","    <a\\n\\","        {{#if env.npm_package_homepage}}\\n\\","        href=\"{{env.npm_package_homepage}}\"\\n\\","        {{/if env.npm_package_homepage}}\\n\\","        target=\"_blank\"\\n\\","    >\\n\\","utility2-comment -->\\n\\","        {{env.npm_package_name}} (v{{env.npm_package_version}})\\n\\","<!-- utility2-comment\\n\\","    </a>\\n\\","utility2-comment -->\\n\\","</h1>\\n\\","<h3>{{env.npm_package_description}}</h3>\\n\\","<!-- utility2-comment\\n\\","<h4><a download href=\"assets.app.js\">download standalone app</a></h4>\\n\\","<button class=\"onclick onreset\" id=\"testRunButton1\">run internal test</button><br>\\n\\","<div id=\"testReportDiv1\" style=\"display: none;\"></div>\\n\\","utility2-comment -->\\n\\","\\n\\","\\n\\","\\n\\","<label>stderr and stdout</label>\\n\\","<textarea class=\"resettable\" id=\"outputTextareaStdout1\" readonly></textarea>\\n\\","<!-- utility2-comment\\n\\","{{#if isRollup}}\\n\\","<script src=\"assets.app.js\"></script>\\n\\","{{#unless isRollup}}\\n\\","utility2-comment -->\\n\\","<script src=\"assets.utility2.rollup.js\"></script>\\n\\","<script src=\"jsonp.utility2._stateInit?callback=window.utility2._stateInit\"></script>\\n\\","<script src=\"assets.npmtest_react_engine.rollup.js\"></script>\\n\\","<script src=\"assets.example.js\"></script>\\n\\","<script src=\"assets.test.js\"></script>\\n\\","<!-- utility2-comment\\n\\","{{/if isRollup}}\\n\\","utility2-comment -->\\n\\","<div class=\"utility2FooterDiv\">\\n\\","    [ this app was created with\\n\\","    <a href=\"https://github.com/kaizhu256/node-utility2\" target=\"_blank\">utility2</a>\\n\\","    ]\\n\\","</div>\\n\\","</body>\\n\\","</html>\\n\\","';","        /* jslint-ignore-end */","        if (local.templateRender) {","            local.assetsDict['/'] = local.templateRender(","                local.assetsDict['/assets.index.template.html'],","                {","                    env: local.objectSetDefault(local.env, {","                        npm_package_description: 'the greatest app in the world!',","                        npm_package_name: 'my-app',","                        npm_package_nameAlias: 'my_app',","                        npm_package_version: '0.0.1'","                    })","                }","            );","        } else {","            local.assetsDict['/'] = local.assetsDict['/assets.index.template.html']","                .replace((/\\{\\{env\\.(\\w+?)\\}\\}/g), function (match0, match1) {","                    // jslint-hack","                    String(match0);","                    switch (match1) {","                    case 'npm_package_description':","                        return 'the greatest app in the world!';","                    case 'npm_package_name':","                        return 'my-app';","                    case 'npm_package_nameAlias':","                        return 'my_app';","                    case 'npm_package_version':","                        return '0.0.1';","                    }","                });","        }","        // run the cli","        if (local.global.utility2_rollup || module !== require.main) {","            break;","        }","        local.assetsDict['/assets.example.js'] =","            local.assetsDict['/assets.example.js'] ||","            local.fs.readFileSync(__filename, 'utf8');","        // bug-workaround - long $npm_package_buildCustomOrg","        /* jslint-ignore-begin */","        local.assetsDict['/assets.npmtest_react_engine.rollup.js'] =","            local.assetsDict['/assets.npmtest_react_engine.rollup.js'] ||","            local.fs.readFileSync(","                local.npmtest_react_engine.__dirname + '/lib.npmtest_react_engine.js',","                'utf8'","            ).replace((/^#!/), '//');","        /* jslint-ignore-end */","        local.assetsDict['/favicon.ico'] = local.assetsDict['/favicon.ico'] || '';","        // if $npm_config_timeout_exit exists,","        // then exit this process after $npm_config_timeout_exit ms","        if (Number(process.env.npm_config_timeout_exit)) {","            setTimeout(process.exit, Number(process.env.npm_config_timeout_exit));","        }","        // start server","        if (local.global.utility2_serverHttp1) {","            break;","        }","        process.env.PORT = process.env.PORT || '8081';","        console.error('server starting on port ' + process.env.PORT);","        local.http.createServer(function (request, response) {","            request.urlParsed = local.url.parse(request.url);","            if (local.assetsDict[request.urlParsed.pathname] !== undefined) {","                response.end(local.assetsDict[request.urlParsed.pathname]);","                return;","            }","            response.statusCode = 404;","            response.end();","        }).listen(process.env.PORT);","        break;","    }","}());",""],"l":{"26":2,"28":2,"33":2,"35":2,"37":2,"38":2,"39":2,"44":1,"51":2,"55":2,"59":2,"61":2,"69":1,"70":2,"76":2,"79":2,"82":2,"83":2,"85":1,"89":2,"92":1,"93":1,"94":1,"96":1,"97":1,"100":1,"101":1,"103":1,"106":1,"108":2,"114":1,"116":1,"118":1,"123":1,"124":2,"125":2,"126":3,"127":3,"128":3,"129":3,"130":1,"133":3,"134":3,"139":3,"143":1,"144":3,"145":1,"149":1,"150":1,"158":1,"160":1,"161":1,"162":1,"164":1,"166":1,"258":1,"259":1,"271":1,"274":6,"275":6,"277":1,"279":2,"281":1,"283":2,"288":1,"289":1,"291":1,"296":1,"303":1,"306":1,"307":1,"310":1,"311":1,"313":1,"314":1,"315":1,"316":1,"317":1,"318":1,"319":1,"321":1,"322":1,"324":1}},"/home/travis/build/npmtest/node-npmtest-react-engine/node_modules/react-engine/index.js":{"path":"/home/travis/build/npmtest/node-npmtest-react-engine/node_modules/react-engine/index.js","s":{"1":2,"2":2,"3":2,"4":0},"b":{},"f":{},"fnMap":{},"statementMap":{"1":{"start":{"line":18,"column":0},"end":{"line":18,"column":41}},"2":{"start":{"line":19,"column":0},"end":{"line":19,"column":41}},"3":{"start":{"line":20,"column":0},"end":{"line":20,"column":51}},"4":{"start":{"line":21,"column":0},"end":{"line":21,"column":75}}},"branchMap":{},"code":["/*-------------------------------------------------------------------------------------------------------------------*\\","|  Copyright (C) 2016 PayPal                                                                                          |","|                                                                                                                     |","|  Licensed under the Apache License, Version 2.0 (the \"License\"); you may not use this file except in compliance     |","|  with the License.                                                                                                  |","|                                                                                                                     |","|  You may obtain a copy of the License at                                                                            |","|                                                                                                                     |","|       http://www.apache.org/licenses/LICENSE-2.0                                                                    |","|                                                                                                                     |","|  Unless required by applicable law or agreed to in writing, software distributed under the License is distributed   |","|  on an \"AS IS\" BASIS, WITHOUT WARRANTIES OR CONDITIONS OF ANY KIND, either express or implied. See the License for  |","|  the specific language governing permissions and limitations under the License.                                     |","\\*-------------------------------------------------------------------------------------------------------------------*/","","'use strict';","","exports.server = require('./lib/server');","exports.client = require('./lib/client');","exports.expressView = require('./lib/expressView');","exports.reactRouterServerErrors = require('./lib/reactRouterServerErrors');",""],"l":{"18":2,"19":2,"20":2,"21":0}},"/home/travis/build/npmtest/node-npmtest-react-engine/node_modules/react-engine/lib/server.js":{"path":"/home/travis/build/npmtest/node-npmtest-react-engine/node_modules/react-engine/lib/server.js","s":{"1":1,"2":1,"3":1,"4":1,"5":1,"6":1,"7":1,"8":1,"9":1,"10":1,"11":1,"12":1,"13":1,"14":1,"15":1,"16":0,"17":0,"18":0,"19":0,"20":0,"21":1,"22":0,"23":0,"24":0,"25":0,"26":0,"27":0,"28":0,"29":0,"30":0,"31":0,"32":0,"33":0,"34":0,"35":0,"36":0,"37":0,"38":0,"39":0,"40":0,"41":0,"42":0,"43":0,"44":0,"45":1,"46":0,"47":0,"48":0,"49":0,"50":0,"51":0,"52":1,"53":0,"54":0,"55":0,"56":0,"57":0,"58":0,"59":0,"60":0,"61":0,"62":0,"63":0,"64":0,"65":0,"66":0,"67":0,"68":0,"69":0,"70":0,"71":0,"72":0,"73":0,"74":0,"75":0,"76":0,"77":0,"78":0,"79":0,"80":0,"81":0,"82":0,"83":0,"84":0,"85":0,"86":0,"87":0,"88":0,"89":0,"90":0,"91":0,"92":0,"93":0,"94":0,"95":0,"96":0,"97":0,"98":0,"99":0,"100":0,"101":0,"102":0,"103":0,"104":0,"105":0},"b":{"1":[0,0],"2":[0,0],"3":[0,0],"4":[0,0],"5":[0,0],"6":[0,0],"7":[0,0],"8":[0,0],"9":[0,0],"10":[0,0],"11":[0,0],"12":[0,0],"13":[0,0],"14":[0,0],"15":[0,0],"16":[0,0],"17":[0,0],"18":[0,0],"19":[0,0],"20":[0,0],"21":[0,0],"22":[0,0],"23":[0,0],"24":[0,0],"25":[0,0],"26":[0,0],"27":[0,0],"28":[0,0],"29":[0,0]},"f":{"1":0,"2":0,"3":0,"4":0,"5":0,"6":0,"7":0,"8":0,"9":0},"fnMap":{"1":{"name":"generateReactRouterServerError","line":36,"loc":{"start":{"line":36,"column":0},"end":{"line":36,"column":86}}},"2":{"name":"create","line":46,"loc":{"start":{"line":46,"column":17},"end":{"line":46,"column":48}}},"3":{"name":"render","line":85,"loc":{"start":{"line":85,"column":9},"end":{"line":85,"column":51}}},"4":{"name":"done","line":93,"loc":{"start":{"line":93,"column":4},"end":{"line":93,"column":29}}},"5":{"name":"renderAndDecorate","line":108,"loc":{"start":{"line":108,"column":4},"end":{"line":108,"column":54}}},"6":{"name":"(anonymous_6)","line":181,"loc":{"start":{"line":181,"column":54},"end":{"line":181,"column":68}}},"7":{"name":"reactRouterMatchHandler","line":190,"loc":{"start":{"line":190,"column":69},"end":{"line":190,"column":140}}},"8":{"name":"(anonymous_8)","line":202,"loc":{"start":{"line":202,"column":40},"end":{"line":202,"column":73}}},"9":{"name":"(anonymous_9)","line":214,"loc":{"start":{"line":214,"column":67},"end":{"line":214,"column":82}}}},"statementMap":{"1":{"start":{"line":18,"column":0},"end":{"line":18,"column":42}},"2":{"start":{"line":19,"column":0},"end":{"line":19,"column":38}},"3":{"start":{"line":20,"column":0},"end":{"line":20,"column":36}},"4":{"start":{"line":21,"column":0},"end":{"line":21,"column":27}},"5":{"start":{"line":22,"column":0},"end":{"line":22,"column":29}},"6":{"start":{"line":23,"column":0},"end":{"line":23,"column":31}},"7":{"start":{"line":24,"column":0},"end":{"line":24,"column":38}},"8":{"start":{"line":25,"column":0},"end":{"line":25,"column":29}},"9":{"start":{"line":26,"column":0},"end":{"line":26,"column":49}},"10":{"start":{"line":27,"column":0},"end":{"line":27,"column":57}},"11":{"start":{"line":28,"column":0},"end":{"line":28,"column":67}},"12":{"start":{"line":30,"column":0},"end":{"line":30,"column":36}},"13":{"start":{"line":31,"column":0},"end":{"line":31,"column":43}},"14":{"start":{"line":34,"column":0},"end":{"line":34,"column":38}},"15":{"start":{"line":36,"column":0},"end":{"line":44,"column":1}},"16":{"start":{"line":37,"column":2},"end":{"line":37,"column":73}},"17":{"start":{"line":38,"column":2},"end":{"line":38,"column":19}},"18":{"start":{"line":39,"column":2},"end":{"line":41,"column":3}},"19":{"start":{"line":40,"column":4},"end":{"line":40,"column":38}},"20":{"start":{"line":43,"column":2},"end":{"line":43,"column":13}},"21":{"start":{"line":46,"column":0},"end":{"line":274,"column":2}},"22":{"start":{"line":47,"column":2},"end":{"line":47,"column":38}},"23":{"start":{"line":50,"column":2},"end":{"line":50,"column":40}},"24":{"start":{"line":51,"column":2},"end":{"line":51,"column":13}},"25":{"start":{"line":52,"column":2},"end":{"line":52,"column":12}},"26":{"start":{"line":53,"column":2},"end":{"line":53,"column":20}},"27":{"start":{"line":55,"column":2},"end":{"line":65,"column":3}},"28":{"start":{"line":56,"column":4},"end":{"line":56,"column":37}},"29":{"start":{"line":57,"column":4},"end":{"line":57,"column":25}},"30":{"start":{"line":60,"column":4},"end":{"line":60,"column":66}},"31":{"start":{"line":62,"column":4},"end":{"line":64,"column":5}},"32":{"start":{"line":63,"column":6},"end":{"line":63,"column":16}},"33":{"start":{"line":67,"column":2},"end":{"line":67,"column":111}},"34":{"start":{"line":68,"column":2},"end":{"line":68,"column":99}},"35":{"start":{"line":69,"column":2},"end":{"line":69,"column":90}},"36":{"start":{"line":70,"column":2},"end":{"line":70,"column":123}},"37":{"start":{"line":72,"column":2},"end":{"line":73,"column":58}},"38":{"start":{"line":75,"column":2},"end":{"line":76,"column":79}},"39":{"start":{"line":78,"column":2},"end":{"line":82,"column":3}},"40":{"start":{"line":79,"column":4},"end":{"line":81,"column":57}},"41":{"start":{"line":85,"column":2},"end":{"line":273,"column":4}},"42":{"start":{"line":87,"column":4},"end":{"line":87,"column":21}},"43":{"start":{"line":89,"column":4},"end":{"line":91,"column":5}},"44":{"start":{"line":90,"column":6},"end":{"line":90,"column":40}},"45":{"start":{"line":93,"column":4},"end":{"line":106,"column":5}},"46":{"start":{"line":94,"column":6},"end":{"line":99,"column":7}},"47":{"start":{"line":97,"column":8},"end":{"line":97,"column":61}},"48":{"start":{"line":98,"column":8},"end":{"line":98,"column":93}},"49":{"start":{"line":101,"column":6},"end":{"line":103,"column":7}},"50":{"start":{"line":102,"column":8},"end":{"line":102,"column":59}},"51":{"start":{"line":105,"column":6},"end":{"line":105,"column":26}},"52":{"start":{"line":108,"column":4},"end":{"line":147,"column":5}},"53":{"start":{"line":109,"column":6},"end":{"line":144,"column":7}},"54":{"start":{"line":111,"column":8},"end":{"line":111,"column":63}},"55":{"start":{"line":114,"column":8},"end":{"line":114,"column":57}},"56":{"start":{"line":118,"column":8},"end":{"line":131,"column":24}},"57":{"start":{"line":134,"column":8},"end":{"line":143,"column":9}},"58":{"start":{"line":138,"column":10},"end":{"line":138,"column":25}},"59":{"start":{"line":141,"column":10},"end":{"line":141,"column":88}},"60":{"start":{"line":142,"column":10},"end":{"line":142,"column":57}},"61":{"start":{"line":146,"column":6},"end":{"line":146,"column":18}},"62":{"start":{"line":149,"column":4},"end":{"line":156,"column":5}},"63":{"start":{"line":152,"column":6},"end":{"line":152,"column":67}},"64":{"start":{"line":153,"column":6},"end":{"line":155,"column":7}},"65":{"start":{"line":154,"column":8},"end":{"line":154,"column":60}},"66":{"start":{"line":159,"column":4},"end":{"line":159,"column":37}},"67":{"start":{"line":164,"column":4},"end":{"line":170,"column":16}},"68":{"start":{"line":171,"column":4},"end":{"line":173,"column":5}},"69":{"start":{"line":172,"column":6},"end":{"line":172,"column":101}},"70":{"start":{"line":179,"column":4},"end":{"line":186,"column":5}},"71":{"start":{"line":180,"column":6},"end":{"line":180,"column":46}},"72":{"start":{"line":181,"column":6},"end":{"line":183,"column":9}},"73":{"start":{"line":182,"column":8},"end":{"line":182,"column":25}},"74":{"start":{"line":185,"column":6},"end":{"line":185,"column":28}},"75":{"start":{"line":188,"column":4},"end":{"line":272,"column":5}},"76":{"start":{"line":189,"column":6},"end":{"line":265,"column":7}},"77":{"start":{"line":190,"column":8},"end":{"line":239,"column":11}},"78":{"start":{"line":191,"column":10},"end":{"line":238,"column":11}},"79":{"start":{"line":192,"column":12},"end":{"line":192,"column":59}},"80":{"start":{"line":193,"column":12},"end":{"line":193,"column":106}},"81":{"start":{"line":194,"column":12},"end":{"line":194,"column":29}},"82":{"start":{"line":195,"column":17},"end":{"line":238,"column":11}},"83":{"start":{"line":196,"column":12},"end":{"line":196,"column":97}},"84":{"start":{"line":197,"column":12},"end":{"line":199,"column":15}},"85":{"start":{"line":200,"column":12},"end":{"line":200,"column":29}},"86":{"start":{"line":201,"column":17},"end":{"line":238,"column":11}},"87":{"start":{"line":202,"column":12},"end":{"line":231,"column":14}},"88":{"start":{"line":213,"column":14},"end":{"line":225,"column":15}},"89":{"start":{"line":214,"column":16},"end":{"line":216,"column":19}},"90":{"start":{"line":215,"column":18},"end":{"line":215,"column":64}},"91":{"start":{"line":217,"column":16},"end":{"line":224,"column":17}},"92":{"start":{"line":218,"column":18},"end":{"line":222,"column":25}},"93":{"start":{"line":223,"column":18},"end":{"line":223,"column":42}},"94":{"start":{"line":230,"column":14},"end":{"line":230,"column":83}},"95":{"start":{"line":233,"column":12},"end":{"line":233,"column":110}},"96":{"start":{"line":235,"column":12},"end":{"line":235,"column":41}},"97":{"start":{"line":236,"column":12},"end":{"line":236,"column":94}},"98":{"start":{"line":237,"column":12},"end":{"line":237,"column":29}},"99":{"start":{"line":248,"column":8},"end":{"line":250,"column":30}},"100":{"start":{"line":252,"column":8},"end":{"line":252,"column":34}},"101":{"start":{"line":258,"column":8},"end":{"line":260,"column":9}},"102":{"start":{"line":259,"column":10},"end":{"line":259,"column":30}},"103":{"start":{"line":263,"column":8},"end":{"line":263,"column":50}},"104":{"start":{"line":264,"column":8},"end":{"line":264,"column":74}},"105":{"start":{"line":271,"column":6},"end":{"line":271,"column":23}}},"branchMap":{"1":{"line":37,"type":"binary-expr","locations":[{"start":{"line":37,"column":12},"end":{"line":37,"column":28}},{"start":{"line":37,"column":32},"end":{"line":37,"column":72}}]},"2":{"line":39,"type":"if","locations":[{"start":{"line":39,"column":2},"end":{"line":39,"column":2}},{"start":{"line":39,"column":2},"end":{"line":39,"column":2}}]},"3":{"line":47,"type":"binary-expr","locations":[{"start":{"line":47,"column":18},"end":{"line":47,"column":31}},{"start":{"line":47,"column":35},"end":{"line":47,"column":37}}]},"4":{"line":60,"type":"binary-expr","locations":[{"start":{"line":60,"column":20},"end":{"line":60,"column":40}},{"start":{"line":60,"column":44},"end":{"line":60,"column":65}}]},"5":{"line":62,"type":"if","locations":[{"start":{"line":62,"column":4},"end":{"line":62,"column":4}},{"start":{"line":62,"column":4},"end":{"line":62,"column":4}}]},"6":{"line":62,"type":"binary-expr","locations":[{"start":{"line":62,"column":8},"end":{"line":62,"column":15}},{"start":{"line":62,"column":19},"end":{"line":62,"column":39}}]},"7":{"line":67,"type":"cond-expr","locations":[{"start":{"line":67,"column":66},"end":{"line":67,"column":90}},{"start":{"line":67,"column":93},"end":{"line":67,"column":110}}]},"8":{"line":68,"type":"cond-expr","locations":[{"start":{"line":68,"column":60},"end":{"line":68,"column":81}},{"start":{"line":68,"column":84},"end":{"line":68,"column":98}}]},"9":{"line":69,"type":"binary-expr","locations":[{"start":{"line":69,"column":44},"end":{"line":69,"column":83}},{"start":{"line":69,"column":87},"end":{"line":69,"column":89}}]},"10":{"line":70,"type":"cond-expr","locations":[{"start":{"line":70,"column":74},"end":{"line":70,"column":100}},{"start":{"line":70,"column":103},"end":{"line":70,"column":122}}]},"11":{"line":78,"type":"if","locations":[{"start":{"line":78,"column":2},"end":{"line":78,"column":2}},{"start":{"line":78,"column":2},"end":{"line":78,"column":2}}]},"12":{"line":89,"type":"if","locations":[{"start":{"line":89,"column":4},"end":{"line":89,"column":4}},{"start":{"line":89,"column":4},"end":{"line":89,"column":4}}]},"13":{"line":94,"type":"if","locations":[{"start":{"line":94,"column":6},"end":{"line":94,"column":6}},{"start":{"line":94,"column":6},"end":{"line":94,"column":6}}]},"14":{"line":101,"type":"if","locations":[{"start":{"line":101,"column":6},"end":{"line":101,"column":6}},{"start":{"line":101,"column":6},"end":{"line":101,"column":6}}]},"15":{"line":109,"type":"if","locations":[{"start":{"line":109,"column":6},"end":{"line":109,"column":6}},{"start":{"line":109,"column":6},"end":{"line":109,"column":6}}]},"16":{"line":134,"type":"if","locations":[{"start":{"line":134,"column":8},"end":{"line":134,"column":8}},{"start":{"line":134,"column":8},"end":{"line":134,"column":8}}]},"17":{"line":141,"type":"cond-expr","locations":[{"start":{"line":141,"column":66},"end":{"line":141,"column":75}},{"start":{"line":141,"column":78},"end":{"line":141,"column":87}}]},"18":{"line":149,"type":"if","locations":[{"start":{"line":149,"column":4},"end":{"line":149,"column":4}},{"start":{"line":149,"column":4},"end":{"line":149,"column":4}}]},"19":{"line":149,"type":"binary-expr","locations":[{"start":{"line":149,"column":8},"end":{"line":149,"column":28}},{"start":{"line":149,"column":32},"end":{"line":149,"column":60}}]},"20":{"line":153,"type":"if","locations":[{"start":{"line":153,"column":6},"end":{"line":153,"column":6}},{"start":{"line":153,"column":6},"end":{"line":153,"column":6}}]},"21":{"line":171,"type":"if","locations":[{"start":{"line":171,"column":4},"end":{"line":171,"column":4}},{"start":{"line":171,"column":4},"end":{"line":171,"column":4}}]},"22":{"line":171,"type":"binary-expr","locations":[{"start":{"line":171,"column":8},"end":{"line":171,"column":22}},{"start":{"line":171,"column":26},"end":{"line":171,"column":47}}]},"23":{"line":189,"type":"if","locations":[{"start":{"line":189,"column":6},"end":{"line":189,"column":6}},{"start":{"line":189,"column":6},"end":{"line":189,"column":6}}]},"24":{"line":191,"type":"if","locations":[{"start":{"line":191,"column":10},"end":{"line":191,"column":10}},{"start":{"line":191,"column":10},"end":{"line":191,"column":10}}]},"25":{"line":195,"type":"if","locations":[{"start":{"line":195,"column":17},"end":{"line":195,"column":17}},{"start":{"line":195,"column":17},"end":{"line":195,"column":17}}]},"26":{"line":201,"type":"if","locations":[{"start":{"line":201,"column":17},"end":{"line":201,"column":17}},{"start":{"line":201,"column":17},"end":{"line":201,"column":17}}]},"27":{"line":213,"type":"if","locations":[{"start":{"line":213,"column":14},"end":{"line":213,"column":14}},{"start":{"line":213,"column":14},"end":{"line":213,"column":14}}]},"28":{"line":217,"type":"if","locations":[{"start":{"line":217,"column":16},"end":{"line":217,"column":16}},{"start":{"line":217,"column":16},"end":{"line":217,"column":16}}]},"29":{"line":258,"type":"if","locations":[{"start":{"line":258,"column":8},"end":{"line":258,"column":8}},{"start":{"line":258,"column":8},"end":{"line":258,"column":8}}]}},"code":["/*-------------------------------------------------------------------------------------------------------------------*\\","|  Copyright (C) 2016 PayPal                                                                                          |","|                                                                                                                     |","|  Licensed under the Apache License, Version 2.0 (the \"License\"); you may not use this file except in compliance     |","|  with the License.                                                                                                  |","|                                                                                                                     |","|  You may obtain a copy of the License at                                                                            |","|                                                                                                                     |","|       http://www.apache.org/licenses/LICENSE-2.0                                                                    |","|                                                                                                                     |","|  Unless required by applicable law or agreed to in writing, software distributed under the License is distributed   |","|  on an \"AS IS\" BASIS, WITHOUT WARRANTIES OR CONDITIONS OF ANY KIND, either express or implied. See the License for  |","|  the specific language governing permissions and limitations under the License.                                     |","\\*-------------------------------------------------------------------------------------------------------------------*/","","'use strict';","","var isString = require('lodash/isString');","var assign = require('lodash/assign');","var unset = require('lodash/unset');","var path = require('path');","var util = require('./util');","var assert = require('assert');","var Config = require('./config.json');","var jsesc = require('jsesc');","var ReactDOMServer = require('react-dom/server');","var debug = require('debug')(require('../package').name);","var ReactRouterServerErrors = require('./reactRouterServerErrors');","","var format = require('util').format;","var Performance = require('./performance');","","// safely require the peer-dependencies","var React = util.safeRequire('react');","","function generateReactRouterServerError(type, existingErrorObj, additionalProperties) {","  var err = existingErrorObj || new Error('react router match fn error');","  err._type = type;","  if (additionalProperties) {","    assign(err, additionalProperties);","  }","","  return err;","}","","exports.create = function create(createOptions) {","  createOptions = createOptions || {};","","  // safely require the peer-dependencies","  var React = util.safeRequire('react');","  var Router;","  var match;","  var RouterContext;","","  try {","    Router = require('react-router');","    match = Router.match;","","    // compatibility for both `react-router` v2 and v1","    RouterContext = Router.RouterContext || Router.RoutingContext;","  } catch (err) {","    if (!Router && createOptions.routes) {","      throw err;","    }","  }","","  createOptions.scriptType = isString(createOptions.scriptType) ? createOptions.scriptType : Config.scriptType;","  createOptions.docType = isString(createOptions.docType) ? createOptions.docType : Config.docType;","  createOptions.renderOptionsKeysToFilter = createOptions.renderOptionsKeysToFilter || [];","  createOptions.staticMarkup = createOptions.staticMarkup !== undefined ? createOptions.staticMarkup : Config.staticMarkup;","","  assert(Array.isArray(createOptions.renderOptionsKeysToFilter),","      '`renderOptionsKeysToFilter` - should be an array');","","  createOptions.renderOptionsKeysToFilter =","    createOptions.renderOptionsKeysToFilter.concat(Config.defaultKeysToFilter);","","  if (createOptions.performanceCollector) {","    assert.equal(typeof createOptions.performanceCollector,","        'function',","        '`performanceCollector` - should be a function');","  }","","  // the render implementation","  return function render(thing, options, callback) {","","    var perfInstance;","","    if (createOptions.performanceCollector) {","      perfInstance = Performance(thing);","    }","","    function done(err, html) {","      if (!options.settings['view cache']) {","        // remove all the files under the express's view folder from require cache.","        // Helps in making changes to react views without restarting the server.","        util.clearRequireCache(createOptions.routesFilePath);","        util.clearRequireCacheInDir(options.settings.views, options.settings['view engine']);","      }","","      if (createOptions.performanceCollector) {","        createOptions.performanceCollector(perfInstance());","      }","","      callback(err, html);","    }","","    function renderAndDecorate(component, data, html) {","      if (createOptions.staticMarkup) {","        // render the component to static markup","        html += ReactDOMServer.renderToStaticMarkup(component);","      } else {","        // render the component","        html += ReactDOMServer.renderToString(component);","","        // the `script` tag that gets injected into the server rendered pages.","        // https://www.owasp.org/index.php/XSS_(Cross_Site_Scripting)_Prevention_Cheat_Sheet#RULE_.233_-_JavaScript_Escape_Before_Inserting_Untrusted_Data_into_JavaScript_Data_Values","        var script = '<script id=\"'","          + Config.client.markupId","          + '\" type=\"'","          + createOptions.scriptType","          + '\">'","          // Escape data for injecting into <script> tag","          // https://mathiasbynens.be/notes/etago","          + jsesc(data, {","              'escapeEtago': true, // old option for escaping in <script> or <style> context","              'isScriptContext': true, // soon to be new option","              'compact': true, // minifies","              'json': true // ensures JSON compatibility","            })","          + '</script>';","","","        if (createOptions.docType === '') {","          // if the `docType` is empty, the user did not want to add a docType to the rendered component,","          // which means they might not be rendering a full page with `html` and `body` tags","          // so attach the script tag to just  the end of the generated html string","          html += script;","        }","        else {","          var htmlTag = createOptions.scriptLocation === 'head' ? '</head>' : '</body>';","          html = html.replace(htmlTag, script + htmlTag);","        }","      }","","      return html;","    }","","    if (createOptions.routes && createOptions.routesFilePath) {","      // if `routesFilePath` property is provided, then in","      // cases where 'view cache' is false, the routes are reloaded for every render.","      createOptions.routes = require(createOptions.routesFilePath);","      if (createOptions.routes.default) {","        createOptions.routes = createOptions.routes.default;","      }","    }","","    // initialize the markup string","    var html = createOptions.docType;","","    // create the data object that will be fed into the React render method.","    // Data is a mash of the express' `render options` and `res.locals`","    // and meta info about `react-engine`","    var data = assign({","      __meta: {","        // get just the relative path for view file name","        view: null,","        markupId: Config.client.markupId","      }","    }, options);","    if (this.useRouter && !createOptions.routes) {","      return done(new Error('asking to use react router for rendering, but no routes are provided'));","    }","","    // since `unset` mutates the obj, lets clone a copy","    // Also, we are using JSON.parse(JSON.stringify(data)) to clone the object super fast.","    // a valid assumption in using this method of cloning at this point: we have only variables","    // and not any functions in data object - so need for lodash cloneDeep","    try {","      data = JSON.parse(JSON.stringify(data));","      createOptions.renderOptionsKeysToFilter.forEach(function(key) {","        unset(data, key);","      });","    } catch (parseErr) {","      return done(parseErr);","    }","","    try {","      if (this.useRouter) {","        return match({ routes:createOptions.routes, location:thing}, function reactRouterMatchHandler(error, redirectLocation, renderProps) {","          if (error) {","            debug('server.js match 500 %s', error.message);","            var err = generateReactRouterServerError(ReactRouterServerErrors.MATCH_INTERNAL_ERROR, error);","            return done(err);","          } else if (redirectLocation) {","            debug('server.js match 302 %s', redirectLocation.pathname + redirectLocation.search);","            var err = generateReactRouterServerError(ReactRouterServerErrors.MATCH_REDIRECT, null, {","              redirectLocation: redirectLocation.pathname + redirectLocation.search","            });","            return done(err);","          } else if (renderProps) {","            renderProps.createElement = function(Component, routerProps) {","              // Other than fusing the data object with the routerProps, there is no way","              // to pass data into the routing context of react-router during a server render.","              // since we are going to use `assign` to fuse the routerProps and the actual","              // data object, we need to make sure that there are no properties between the two object","              // with the same name at the root level. (Having two properties with the same name breaks assign.)","              // Info on why we need to fuse the two objects?","              // --------------------------------------------","              // * https://github.com/ngduc/react-setup/issues/10","              // * https://github.com/reactjs/react-router/issues/1969","              // * http://stackoverflow.com/questions/36137901/react-route-and-server-side-rendering-how-to-render-components-with-data","              if (options.settings.env !== 'production') {","                var intersection = Object.keys(routerProps).filter(function(elem) {","                  return Object.keys(data).indexOf(elem) !== -1;","                });","                if (intersection.length) {","                  var errMsg = 'Your data object cannot have property(ies) named: \"' +","                    intersection +","                    '\"\\n Blacklisted property names that cannot be used: \"' +","                    Object.keys(routerProps) +","                    '\"\\n'","                  throw new Error(errMsg);","                }","              }","","              // define a createElement strategy for react-router that transfers data props to all route \"components\"","              // for any component created by react-router, fuse data object with the routerProps","              // NOTE: This may be imposing too large of an opinion?","              return React.createElement(Component, assign({}, data, routerProps));","            };","","            return done(null, renderAndDecorate(React.createElement(RouterContext, renderProps), data, html));","          } else {","            debug('server.js match 404');","            var err = generateReactRouterServerError(ReactRouterServerErrors.MATCH_NOT_FOUND);","            return done(err);","          }","        });","      }","      else {","        // path utility to make path string compatible in different OS","        // ------------------------------------------------------------","        // use `path.normalize()` to normalzie absolute view file path and absolute base directory path","        // to prevent path strings like `/folder1/folder2/../../folder3/exampleFile`","        // then, derive relative view file path","        // and replace backslash with slash to be compatible on Windows","        data.__meta.view = path.normalize(thing)","          .replace(path.normalize(options.settings.views), '').substring(1)","          .replace('\\\\', '/');","","        var view = require(thing);","","        // Check for an ES6 `default` property on the module export","        // ------------------------------------------------------------","        // TypeScript and Babel users that leverage ES6 module depend on this","        // e.g. `export default function MyView() {};`","        if (view.default) {","          view = view.default;","        }","","        // cr
[...]
lumn":44}}},"2":{"name":"end","line":23,"loc":{"start":{"line":23,"column":9},"end":{"line":23,"column":24}}}},"statementMap":{"1":{"start":{"line":18,"column":0},"end":{"line":37,"column":2}},"2":{"start":{"line":20,"column":2},"end":{"line":20,"column":29}},"3":{"start":{"line":21,"column":2},"end":{"line":21,"column":30}},"4":{"start":{"line":23,"column":2},"end":{"line":36,"column":4}},"5":{"start":{"line":25,"column":4},"end":{"line":25,"column":36}},"6":{"start":{"line":28,"column":4},"end":{"line":28,"column":49}},"7":{"start":{"line":30,"column":4},"end":{"line":35,"column":6}}},"branchMap":{},"code":["/*-------------------------------------------------------------------------------------------------------------------*\\","|  Copyright (C) 2016 PayPal                                                                                          |","|                                                                                                                     |","|  Licensed under the Apache License, Version 2.0 (the \"License\"); you may not use this file except in compliance     |","|  with the License.                                                                                                  |","|                                                                                                                     |","|  You may obtain a copy of the License at                                                                            |","|                                                                                                                     |","|       http://www.apache.org/licenses/LICENSE-2.0                                                                    |","|                                                                                                                     |","|  Unless required by applicable law or agreed to in writing, software distributed under the License is distributed   |","|  on an \"AS IS\" BASIS, WITHOUT WARRANTIES OR CONDITIONS OF ANY KIND, either express or implied. See the License for  |","|  the specific language governing permissions and limitations under the License.                                     |","\\*-------------------------------------------------------------------------------------------------------------------*/","","'use strict';","","module.exports = function Performance(name) {","","  var startTime = Date.now();","  var time = process.hrtime();","","  return function end() {","","    var diff = process.hrtime(time);","","    // duration in milliseconds","    var duration = diff[0] + (diff[1] / 1000000);","","    return {","      name: name,","      startTime: startTime,","      endTime: Date.now(),","      duration: duration","    };","  };","};",""],"l":{"18":1,"20":0,"21":0,"23":0,"25":0,"28":0,"30":0}},"/home/travis/build/npmtest/node-npmtest-react-engine/node_modules/react-engine/lib/client.js":{"path":"/home/travis/build/npmtest/node-npmtest-react-engine/node_modules/react-engine/lib/client.js","s":{"1":1,"2":1,"3":1,"4":1,"5":1,"6":1,"7":0,"8":0,"9":1,"10":0,"11":0,"12":0,"13":1,"14":0,"15":0,"16":0,"17":0,"18":0,"19":0,"20":0,"21":0,"22":0,"23":0,"24":0,"25":0,"26":0,"27":0,"28":0,"29":0,"30":0,"31":0,"32":0,"33":0,"34":0,"35":0,"36":0,"37":0,"38":0,"39":0,"40":0,"41":0,"42":0,"43":0},"b":{"1":[0,1],"2":[1,0],"3":[0,0],"4":[0,0],"5":[0,0],"6":[0,0],"7":[0,0],"8":[0,0],"9":[0,0],"10":[0,0]},"f":{"1":0,"2":0,"3":0,"4":0},"fnMap":{"1":{"name":"data","line":33,"loc":{"start":{"line":33,"column":26},"end":{"line":33,"column":42}}},"2":{"name":"boot","line":43,"loc":{"start":{"line":43,"column":15},"end":{"line":43,"column":48}}},"3":{"name":"(anonymous_3)","line":82,"loc":{"start":{"line":82,"column":58},"end":{"line":82,"column":69}}},"4":{"name":"(anonymous_4)","line":87,"loc":{"start":{"line":87,"column":23},"end":{"line":87,"column":56}}}},"statementMap":{"1":{"start":{"line":18,"column":0},"end":{"line":18,"column":38}},"2":{"start":{"line":19,"column":0},"end":{"line":19,"column":36}},"3":{"start":{"line":20,"column":0},"end":{"line":20,"column":38}},"4":{"start":{"line":24,"column":0},"end":{"line":24,"column":12}},"5":{"start":{"line":25,"column":0},"end":{"line":25,"column":14}},"6":{"start":{"line":26,"column":0},"end":{"line":29,"column":1}},"7":{"start":{"line":27,"column":2},"end":{"line":27,"column":19}},"8":{"start":{"line":28,"column":2},"end":{"line":28,"column":23}},"9":{"start":{"line":33,"column":0},"end":{"line":40,"column":2}},"10":{"start":{"line":35,"column":2},"end":{"line":35,"column":64}},"11":{"start":{"line":37,"column":2},"end":{"line":37,"column":60}},"12":{"start":{"line":39,"column":2},"end":{"line":39,"column":32}},"13":{"start":{"line":43,"column":0},"end":{"line":113,"column":2}},"14":{"start":{"line":45,"column":2},"end":{"line":45,"column":31}},"15":{"start":{"line":46,"column":2},"end":{"line":46,"column":13}},"16":{"start":{"line":47,"column":2},"end":{"line":47,"column":22}},"17":{"start":{"line":48,"column":2},"end":{"line":48,"column":12}},"18":{"start":{"line":49,"column":2},"end":{"line":49,"column":21}},"19":{"start":{"line":51,"column":2},"end":{"line":62,"column":3}},"20":{"start":{"line":52,"column":4},"end":{"line":52,"column":37}},"21":{"start":{"line":53,"column":4},"end":{"line":53,"column":36}},"22":{"start":{"line":54,"column":4},"end":{"line":54,"column":25}},"23":{"start":{"line":57,"column":4},"end":{"line":57,"column":81}},"24":{"start":{"line":59,"column":4},"end":{"line":61,"column":5}},"25":{"start":{"line":60,"column":6},"end":{"line":60,"column":94}},"26":{"start":{"line":64,"column":2},"end":{"line":64,"column":13}},"27":{"start":{"line":65,"column":2},"end":{"line":65,"column":14}},"28":{"start":{"line":66,"column":2},"end":{"line":66,"column":15}},"29":{"start":{"line":67,"column":2},"end":{"line":67,"column":42}},"30":{"start":{"line":70,"column":2},"end":{"line":70,"column":21}},"31":{"start":{"line":71,"column":2},"end":{"line":71,"column":47}},"32":{"start":{"line":72,"column":2},"end":{"line":72,"column":49}},"33":{"start":{"line":74,"column":2},"end":{"line":109,"column":3}},"34":{"start":{"line":76,"column":4},"end":{"line":76,"column":48}},"35":{"start":{"line":77,"column":4},"end":{"line":78,"column":54}},"36":{"start":{"line":82,"column":4},"end":{"line":96,"column":7}},"37":{"start":{"line":86,"column":6},"end":{"line":93,"column":9}},"38":{"start":{"line":88,"column":10},"end":{"line":88,"column":80}},"39":{"start":{"line":95,"column":6},"end":{"line":95,"column":50}},"40":{"start":{"line":100,"column":4},"end":{"line":100,"column":47}},"41":{"start":{"line":103,"column":4},"end":{"line":103,"column":48}},"42":{"start":{"line":108,"column":4},"end":{"line":108,"column":51}},"43":{"start":{"line":112,"column":2},"end":{"line":112,"column":46}}},"branchMap":{"1":{"line":26,"type":"if","locations":[{"start":{"line":26,"column":0},"end":{"line":26,"column":0}},{"start":{"line":26,"column":0},"end":{"line":26,"column":0}}]},"2":{"line":26,"type":"binary-expr","locations":[{"start":{"line":26,"column":4},"end":{"line":26,"column":33}},{"start":{"line":26,"column":37},"end":{"line":26,"column":68}}]},"3":{"line":37,"type":"binary-expr","locations":[{"start":{"line":37,"column":19},"end":{"line":37,"column":38}},{"start":{"line":37,"column":42},"end":{"line":37,"column":59}}]},"4":{"line":57,"type":"binary-expr","locations":[{"start":{"line":57,"column":21},"end":{"line":57,"column":42}},{"start":{"line":57,"column":46},"end":{"line":57,"column":80}}]},"5":{"line":59,"type":"if","locations":[{"start":{"line":59,"column":4},"end":{"line":59,"column":4}},{"start":{"line":59,"column":4},"end":{"line":59,"column":4}}]},"6":{"line":59,"type":"binary-expr","locations":[{"start":{"line":59,"column":8},"end":{"line":59,"column":15}},{"start":{"line":59,"column":19},"end":{"line":59,"column":33}}]},"7":{"line":72,"type":"binary-expr","locations":[{"start":{"line":72,"column":18},"end":{"line":72,"column":35}},{"start":{"line":72,"column":39},"end":{"line":72,"column":48}}]},"8":{"line":74,"type":"if","locations":[{"start":{"line":74,"column":2},"end":{"line":74,"column":2}},{"start":{"line":74,"column":2},"end":{"line":74,"column":2}}]},"9":{"line":76,"type":"binary-expr","locations":[{"start":{"line":76,"column":14},"end":{"line":76,"column":29}},{"start":{"line":76,"column":33},"end":{"line":76,"column":47}}]},"10":{"line":112,"type":"binary-expr","locations":[{"start":{"line":112,"column":9},"end":{"line":112,"column":17}},{"start":{"line":112,"column":21},"end":{"line":112,"column":45}}]}},"code":["/*-------------------------------------------------------------------------------------------------------------------*\\","|  Copyright (C) 2016 PayPal                                                                                          |","|                                                                                                                     |","|  Licensed under the Apache License, Version 2.0 (the \"License\"); you may not use this file except in compliance     |","|  with the License.                                                                                                  |","|                                                                                                                     |","|  You may obtain a copy of the License at                                                                            |","|                                                                                                                     |","|       http://www.apache.org/licenses/LICENSE-2.0                                                                    |","|                                                                                                                     |","|  Unless required by applicable law or agreed to in writing, software distributed under the License is distributed   |","|  on an \"AS IS\" BASIS, WITHOUT WARRANTIES OR CONDITIONS OF ANY KIND, either express or implied. See the License for  |","|  the specific language governing permissions and limitations under the License.                                     |","\\*-------------------------------------------------------------------------------------------------------------------*/","","'use strict';","","var Config = require('./config.json');","var ReactDOM = require('react-dom');","var assign = require('lodash/assign');","","// declaring like this helps in unit test","// dependency injection using `rewire` module","var _window;","var _document;","if (typeof window !== 'undefined' && typeof document !== 'undefined') {","  _window = window;","  _document = document;","}","","// returns the data/state that was","// injected by server during rendering","var data = exports.data = function data() {","  // this file needs to be a external js file","  var element = document.getElementById(Config.client.markupId);","  // grab the contents from the script element","  var jsonString = element.textContent || element.innerText;","  // parse the text contents to JSON","  return JSON.parse(jsonString);","};","","// the client side boot function","exports.boot = function boot(options, callback) {","","  var React = require('react');","  var Router;","  var RouterComponent;","  var match;","  var browserHistory;","","  try {","    Router = require('react-router');","    RouterComponent = Router.Router;","    match = Router.match;","","    // compatibility for both `react-router` v2 and v1","    browserHistory = Router.browserHistory || require('history').createHistory();","  } catch (err) {","    if (!Router && options.routes) {","      throw new Error('asking to use react router for rendering, but no routes are provided');","    }","  }","","  var router;","  var history;","  var location;","  var viewResolver = options.viewResolver;","","  // pick up the state that was injected by server during rendering","  var props = data();","  var useRouter = (props.__meta.view === null);","  var mountNode = options.mountNode || _document;","","  if (useRouter) {","","    history = options.history || browserHistory;","    location = _window.location.pathname +","      _window.location.search + _window.location.hash;","","    // Wrap the 'render' function within a call to 'match'. This is a workaround to support","    // users using code splitting functionality","    match({ routes: options.routes, location: location }, function() {","","      // for any component created by react-router, merge model data with the routerProps","      // NOTE: This may be imposing too large of an opinion?","      var routerComponent = React.createElement(RouterComponent, {","        createElement: function(Component, routerProps) {","          return React.createElement(Component, assign({}, props, routerProps));","        },","","        routes: options.routes,","        history: history","      });","","      ReactDOM.render(routerComponent, mountNode);","    });","","  } else {","    // get the file from viewResolver supplying it with a view name","    var view = viewResolver(props.__meta.view);","","    // create a react view factory","    var viewFactory = React.createFactory(view);","","    // render the factory on the client","    // doing this, sets up the event","    // listeners and stuff aka mounting views.","    ReactDOM.render(viewFactory(props), mountNode);","  }","","  // call the callback with the data that was used for rendering","  return callback && callback(props, history);","};",""],"l":{"18":1,"19":1,"20":1,"24":1,"25":1,"26":1,"27":0,"28":0,"33":1,"35":0,"37":0,"39":0,"43":1,"45":0,"46":0,"47":0,"48":0,"49":0,"51":0,"52":0,"53":0,"54":0,"57":0,"59":0,"60":0,"64":0,"65":0,"66":0,"67":0,"70":0,"71":0,"72":0,"74":0,"76":0,"77":0,"82":0,"86":0,"88":0,"95":0,"100":0,"103":0,"108":0,"112":0}},"/home/travis/build/npmtest/node-npmtest-react-engine/node_modules/react-engine/lib/expressView.js":{"path":"/home/travis/build/npmtest/node-npmtest-react-engine/node_modules/react-engine/lib/expressView.js","s":{"1":4,"2":4,"3":4,"4":4,"5":4,"6":4,"7":1,"8":0,"9":0,"10":0,"11":0,"12":0,"13":0,"14":0,"15":0,"16":0,"17":0,"18":0,"19":0,"20":0,"21":0,"22":0,"23":0,"24":0},"b":{"1":[0,0],"2":[0,0],"3":[0,0]},"f":{"1":0,"2":0,"3":0},"fnMap":{"1":{"name":"ReactEngineView","line":26,"loc":{"start":{"line":26,"column":0},"end":{"line":26,"column":40}}},"2":{"name":"lookup","line":44,"loc":{"start":{"line":44,"column":35},"end":{"line":44,"column":57}}},"3":{"name":"render","line":53,"loc":{"start":{"line":53,"column":35},"end":{"line":53,"column":64}}}},"statementMap":{"1":{"start":{"line":18,"column":0},"end":{"line":18,"column":29}},"2":{"start":{"line":19,"column":0},"end":{"line":19,"column":36}},"3":{"start":{"line":20,"column":0},"end":{"line":20,"column":39}},"4":{"start":{"line":21,"column":0},"end":{"line":21,"column":57}},"5":{"start":{"line":22,"column":0},"end":{"line":22,"column":25}},"6":{"start":{"line":24,"column":0},"end":{"line":24,"column":48}},"7":{"start":{"line":26,"column":0},"end":{"line":39,"column":1}},"8":{"start":{"line":27,"column":2},"end":{"line":28,"column":34}},"9":{"start":{"line":32,"column":2},"end":{"line":32,"column":37}},"10":{"start":{"line":34,"column":2},"end":{"line":36,"column":3}},"11":{"start":{"line":35,"column":4},"end":{"line":35,"column":32}},"12":{"start":{"line":38,"column":2},"end":{"line":38,"column":33}},"13":{"start":{"line":42,"column":0},"end":{"line":42,"column":31}},"14":{"start":{"line":44,"column":0},"end":{"line":51,"column":2}},"15":{"start":{"line":45,"column":2},"end":{"line":45,"column":59}},"16":{"start":{"line":46,"column":2},"end":{"line":50,"column":3}},"17":{"start":{"line":47,"column":4},"end":{"line":47,"column":16}},"18":{"start":{"line":49,"column":4},"end":{"line":49,"column":50}},"19":{"start":{"line":53,"column":0},"end":{"line":60,"column":2}},"20":{"start":{"line":54,"column":2},"end":{"line":54,"column":44}},"21":{"start":{"line":55,"column":2},"end":{"line":59,"column":3}},"22":{"start":{"line":56,"column":4},"end":{"line":56,"column":40}},"23":{"start":{"line":58,"column":4},"end":{"line":58,"column":57}},"24":{"start":{"line":62,"column":0},"end":{"line":62,"column":33}}},"branchMap":{"1":{"line":34,"type":"if","locations":[{"start":{"line":34,"column":2},"end":{"line":34,"column":2}},{"start":{"line":34,"column":2},"end":{"line":34,"column":2}}]},"2":{"line":46,"type":"if","locations":[{"start":{"line":46,"column":2},"end":{"line":46,"column":2}},{"start":{"line":46,"column":2},"end":{"line":46,"column":2}}]},"3":{"line":55,"type":"if","locations":[{"start":{"line":55,"column":2},"end":{"line":55,"column":2}},{"start":{"line":55,"column":2},"end":{"line":55,"column":2}}]}},"code":["/*-------------------------------------------------------------------------------------------------------------------*\\","|  Copyright (C) 2016 PayPal                                                                                          |","|                                                                                                                     |","|  Licensed under the Apache License, Version 2.0 (the \"License\"); you may not use this file except in compliance     |","|  with the License.                                                                                                  |","|                                                                                                                     |","|  You may obtain a copy of the License at                                                                            |","|                                                                                                                     |","|       http://www.apache.org/licenses/LICENSE-2.0                                                                    |","|                                                                                                                     |","|  Unless required by applicable law or agreed to in writing, software distributed under the License is distributed   |","|  on an \"AS IS\" BASIS, WITHOUT WARRANTIES OR CONDITIONS OF ANY KIND, either express or implied. See the License for  |","|  the specific language governing permissions and limitations under the License.                                     |","\\*-------------------------------------------------------------------------------------------------------------------*/","","'use strict';","","var util = require('./util');","var format = require('util').format;","var inherit = require('util').inherits;","var debug = require('debug')(require('../package').name);","var url = require('url');","","var View = util.safeRequire('express/lib/view');","","function ReactEngineView(name, options) {","  debug(format('ReactEngineView :constructor: name: %s and options: %j',","                  name, options));","","  // when the view name starts with `/` we assume","  // that we need to use react router to render.","  this.useRouter = (name[0] === '/');","","  if (this.useRouter) {","    name = url.parse(name).path;","  }","","  View.call(this, name, options);","}","","// inherit form express view","inherit(ReactEngineView, View);","","ReactEngineView.prototype.lookup = function lookup(name) {","  debug(format('ReactEngineView :lookup: name: %s', name));","  if (this.useRouter) {","    return name;","  } else {","    return View.prototype.lookup.call(this, name);","  }","};","","ReactEngineView.prototype.render = function render(options, fn) {","  debug(format('ReactEngineView :render:'));","  if (this.useRouter) {","    this.engine(this.name, options, fn);","  } else {","    return View.prototype.render.call(this, options, fn);","  }","};","","module.exports = ReactEngineView;",""],"l":{"18":4,"19":4,"20":4,"21":4,"22":4,"24":4,"26":1,"27":0,"32":0,"34":0,"35":0,"38":0,"42":0,"44":0,"45":0,"46":0,"47":0,"49":0,"53":0,"54":0,"55":0,"56":0,"58":0,"62":0}}}